2023/07/15 22:30:45 [alert] 24189#24189: lua_code_cache is off; this will hurt performance in /home/itay/work assignment/assignment/server/nginx.conf.compiled:20
2023/07/15 22:37:54 [alert] 24769#24769: lua_code_cache is off; this will hurt performance in /home/itay/work assignment/assignment/server/nginx.conf.compiled:20
2023/07/15 22:39:00 [alert] 25010#25010: lua_code_cache is off; this will hurt performance in /home/itay/work assignment/assignment/server/nginx.conf.compiled:20
2023/07/15 22:39:02 [alert] 25050#25050: lua_code_cache is off; this will hurt performance in /home/itay/work assignment/assignment/server/nginx.conf.compiled:20
2023/07/15 22:39:14 [alert] 25124#25124: lua_code_cache is off; this will hurt performance in /home/itay/work assignment/assignment/server/nginx.conf.compiled:20
2023/07/15 22:39:17 [alert] 25164#25164: lua_code_cache is off; this will hurt performance in /home/itay/work assignment/assignment/server/nginx.conf.compiled:20
2023/07/15 22:39:36 [alert] 25306#25306: lua_code_cache is off; this will hurt performance in /home/itay/work assignment/assignment/server/nginx.conf.compiled:20
2023/07/15 22:39:47 [alert] 25381#25381: lua_code_cache is off; this will hurt performance in /home/itay/work assignment/assignment/server/nginx.conf.compiled:20
2023/07/15 22:40:08 [alert] 25456#25456: lua_code_cache is off; this will hurt performance in /home/itay/work assignment/assignment/server/nginx.conf.compiled:20
2023/07/15 22:41:20 [alert] 25542#25542: lua_code_cache is off; this will hurt performance in /home/itay/work assignment/assignment/server/nginx.conf.compiled:20
2023/07/15 23:12:47 [alert] 5566#5566: lua_code_cache is off; this will hurt performance in /home/itay/work assignment/assignment/server/nginx.conf.compiled:20
2023/07/15 23:13:53 [alert] 5920#5920: lua_code_cache is off; this will hurt performance in /home/itay/work assignment/assignment/server/nginx.conf.compiled:20
2023/07/15 23:14:36 [alert] 6240#6240: lua_code_cache is off; this will hurt performance in /home/itay/work assignment/assignment/server/nginx.conf.compiled:20
2023/07/15 23:15:09 [alert] 6325#6325: lua_code_cache is off; this will hurt performance in /home/itay/work assignment/assignment/server/nginx.conf.compiled:20
2023/07/15 23:15:30 [alert] 6405#6405: lua_code_cache is off; this will hurt performance in /home/itay/work assignment/assignment/server/nginx.conf.compiled:20
2023/07/15 23:17:31 [alert] 6515#6515: lua_code_cache is off; this will hurt performance in /home/itay/work assignment/assignment/server/nginx.conf.compiled:20
2023/07/16 14:12:14 [alert] 16514#16514: lua_code_cache is off; this will hurt performance in /home/itay/work assignment/assignment/server/nginx.conf.compiled:20
2023/07/16 16:25:12 [alert] 2714#2714: lua_code_cache is off; this will hurt performance in /home/itay/work assignment/assignment/server/nginx.conf.compiled:20
2023/07/16 16:27:49 [alert] 3241#3241: lua_code_cache is off; this will hurt performance in /home/itay/work assignment/assignment/server/nginx.conf.compiled:20
2023/07/16 17:16:19 [alert] 5024#5024: lua_code_cache is off; this will hurt performance in /home/itay/work assignment/assignment/server/nginx.conf.compiled:20
2023/07/16 17:16:37 [alert] 5145#5145: lua_code_cache is off; this will hurt performance in /home/itay/work assignment/assignment/server/nginx.conf.compiled:20
2023/07/16 17:18:04 [alert] 5230#5230: lua_code_cache is off; this will hurt performance in /home/itay/work assignment/assignment/server/nginx.conf.compiled:20
2023/07/16 17:24:52 [alert] 5870#5870: lua_code_cache is off; this will hurt performance in /home/itay/work assignment/assignment/server/nginx.conf.compiled:20
2023/07/16 17:25:26 [alert] 5982#5982: lua_code_cache is off; this will hurt performance in /home/itay/work assignment/assignment/server/nginx.conf.compiled:20
2023/07/16 17:26:07 [alert] 6105#6105: lua_code_cache is off; this will hurt performance in /home/itay/work assignment/assignment/server/nginx.conf.compiled:20
2023/07/16 17:26:37 [alert] 6377#6377: lua_code_cache is off; this will hurt performance in /home/itay/work assignment/assignment/server/nginx.conf.compiled:20
2023/07/16 17:27:03 [alert] 6474#6474: lua_code_cache is off; this will hurt performance in /home/itay/work assignment/assignment/server/nginx.conf.compiled:20
2023/07/16 17:27:22 [alert] 6556#6556: lua_code_cache is off; this will hurt performance in /home/itay/work assignment/assignment/server/nginx.conf.compiled:20
2023/07/16 17:27:52 [alert] 6632#6632: lua_code_cache is off; this will hurt performance in /home/itay/work assignment/assignment/server/nginx.conf.compiled:20
2023/07/16 17:28:18 [alert] 6705#6705: lua_code_cache is off; this will hurt performance in /home/itay/work assignment/assignment/server/nginx.conf.compiled:20
2023/07/16 17:28:42 [alert] 6814#6814: lua_code_cache is off; this will hurt performance in /home/itay/work assignment/assignment/server/nginx.conf.compiled:20
2023/07/16 17:28:58 [alert] 6893#6893: lua_code_cache is off; this will hurt performance in /home/itay/work assignment/assignment/server/nginx.conf.compiled:20
2023/07/16 17:29:17 [alert] 7005#7005: lua_code_cache is off; this will hurt performance in /home/itay/work assignment/assignment/server/nginx.conf.compiled:20
2023/07/16 17:29:35 [alert] 7102#7102: lua_code_cache is off; this will hurt performance in /home/itay/work assignment/assignment/server/nginx.conf.compiled:20
2023/07/16 17:30:19 [alert] 7175#7175: lua_code_cache is off; this will hurt performance in /home/itay/work assignment/assignment/server/nginx.conf.compiled:20
2023/07/16 17:30:39 [alert] 7272#7272: lua_code_cache is off; this will hurt performance in /home/itay/work assignment/assignment/server/nginx.conf.compiled:20
2023/07/16 17:31:30 [alert] 7399#7399: lua_code_cache is off; this will hurt performance in /home/itay/work assignment/assignment/server/nginx.conf.compiled:20
2023/07/16 17:35:30 [alert] 7484#7484: lua_code_cache is off; this will hurt performance in /home/itay/work assignment/assignment/server/nginx.conf.compiled:20
2023/07/16 17:35:54 [alert] 7573#7573: lua_code_cache is off; this will hurt performance in /home/itay/work assignment/assignment/server/nginx.conf.compiled:20
2023/07/16 17:40:28 [alert] 7650#7650: lua_code_cache is off; this will hurt performance in /home/itay/work assignment/assignment/server/nginx.conf.compiled:20
2023/07/16 17:41:05 [alert] 7759#7759: lua_code_cache is off; this will hurt performance in /home/itay/work assignment/assignment/server/nginx.conf.compiled:20
2023/07/16 17:41:21 [alert] 7835#7835: lua_code_cache is off; this will hurt performance in /home/itay/work assignment/assignment/server/nginx.conf.compiled:20
2023/07/16 17:41:40 [alert] 7905#7905: lua_code_cache is off; this will hurt performance in /home/itay/work assignment/assignment/server/nginx.conf.compiled:20
2023/07/16 17:41:49 [alert] 7978#7978: lua_code_cache is off; this will hurt performance in /home/itay/work assignment/assignment/server/nginx.conf.compiled:20
2023/07/16 17:42:05 [alert] 8075#8075: lua_code_cache is off; this will hurt performance in /home/itay/work assignment/assignment/server/nginx.conf.compiled:20
2023/07/16 17:42:19 [alert] 8151#8151: lua_code_cache is off; this will hurt performance in /home/itay/work assignment/assignment/server/nginx.conf.compiled:20
2023/07/16 17:42:59 [alert] 8224#8224: lua_code_cache is off; this will hurt performance in /home/itay/work assignment/assignment/server/nginx.conf.compiled:20
2023/07/16 17:43:35 [alert] 8330#8330: lua_code_cache is off; this will hurt performance in /home/itay/work assignment/assignment/server/nginx.conf.compiled:20
2023/07/16 17:52:12 [alert] 8673#8673: lua_code_cache is off; this will hurt performance in /home/itay/work assignment/assignment/server/nginx.conf.compiled:20
2023/07/16 18:00:16 [alert] 9649#9649: lua_code_cache is off; this will hurt performance in /home/itay/work assignment/assignment/server/nginx.conf.compiled:20
2023/07/16 19:36:03 [alert] 23076#23076: lua_code_cache is off; this will hurt performance in /home/itay/work assignment/assignment/server/nginx.conf.compiled:20
2023/07/16 19:45:36 [alert] 24389#24389: lua_code_cache is off; this will hurt performance in /home/itay/work assignment/assignment/server/nginx.conf.compiled:20
2023/07/16 19:45:46 [alert] 24596#24596: lua_code_cache is off; this will hurt performance in /home/itay/work assignment/assignment/server/nginx.conf.compiled:20
2023/07/16 19:53:00 [alert] 24773#24773: lua_code_cache is off; this will hurt performance in /home/itay/work assignment/assignment/server/nginx.conf.compiled:20
2023/07/16 19:59:24 [alert] 25434#25434: lua_code_cache is off; this will hurt performance in /home/itay/work assignment/assignment/server/nginx.conf.compiled:20
2023/07/16 20:06:28 [alert] 25729#25729: lua_code_cache is off; this will hurt performance in /home/itay/work assignment/assignment/server/nginx.conf.compiled:20
2023/07/16 20:06:43 [alert] 25829#25829: lua_code_cache is off; this will hurt performance in /home/itay/work assignment/assignment/server/nginx.conf.compiled:20
2023/07/16 20:09:55 [alert] 26334#26334: lua_code_cache is off; this will hurt performance in /home/itay/work assignment/assignment/server/nginx.conf.compiled:20
2023/07/16 20:19:40 [alert] 26778#26778: lua_code_cache is off; this will hurt performance in /home/itay/work assignment/assignment/server/nginx.conf.compiled:20
2023/07/16 20:19:52 [alert] 26899#26899: lua_code_cache is off; this will hurt performance in /home/itay/work assignment/assignment/server/nginx.conf.compiled:20
2023/07/16 20:20:16 [alert] 27026#27026: lua_code_cache is off; this will hurt performance in /home/itay/work assignment/assignment/server/nginx.conf.compiled:20
2023/07/16 20:27:31 [alert] 27621#27621: lua_code_cache is off; this will hurt performance in /home/itay/work assignment/assignment/server/nginx.conf.compiled:20
2023/07/16 20:28:09 [alert] 27718#27718: lua_code_cache is off; this will hurt performance in /home/itay/work assignment/assignment/server/nginx.conf.compiled:20
2023/07/16 20:31:33 [alert] 28088#28088: lua_code_cache is off; this will hurt performance in /home/itay/work assignment/assignment/server/nginx.conf.compiled:20
2023/07/16 20:35:28 [alert] 28335#28335: lua_code_cache is off; this will hurt performance in /home/itay/work assignment/assignment/server/nginx.conf.compiled:20
2023/07/16 20:36:02 [alert] 28495#28495: lua_code_cache is off; this will hurt performance in /home/itay/work assignment/assignment/server/nginx.conf.compiled:20
2023/07/16 20:36:49 [alert] 28715#28715: lua_code_cache is off; this will hurt performance in /home/itay/work assignment/assignment/server/nginx.conf.compiled:20
2023/07/16 20:37:21 [alert] 28857#28857: lua_code_cache is off; this will hurt performance in /home/itay/work assignment/assignment/server/nginx.conf.compiled:20
2023/07/16 20:38:35 [alert] 29152#29152: lua_code_cache is off; this will hurt performance in /home/itay/work assignment/assignment/server/nginx.conf.compiled:20
2023/07/16 20:39:18 [alert] 29252#29252: lua_code_cache is off; this will hurt performance in /home/itay/work assignment/assignment/server/nginx.conf.compiled:20
2023/07/16 20:50:53 [alert] 29582#29582: lua_code_cache is off; this will hurt performance in /home/itay/work assignment/assignment/server/nginx.conf.compiled:20
2023/07/16 21:03:09 [alert] 30418#30418: lua_code_cache is off; this will hurt performance in /home/itay/work assignment/assignment/server/nginx.conf.compiled:20
2023/07/16 21:06:40 [alert] 30986#30986: lua_code_cache is off; this will hurt performance in /home/itay/work assignment/assignment/server/nginx.conf.compiled:20
2023/07/16 21:09:04 [alert] 31628#31628: lua_code_cache is off; this will hurt performance in /home/itay/work assignment/assignment/server/nginx.conf.compiled:20
2023/07/16 21:10:41 [alert] 31896#31896: lua_code_cache is off; this will hurt performance in /home/itay/work assignment/assignment/server/nginx.conf.compiled:20
2023/07/16 21:11:03 [alert] 32023#32023: lua_code_cache is off; this will hurt performance in /home/itay/work assignment/assignment/server/nginx.conf.compiled:20
2023/07/16 21:11:34 [alert] 32216#32216: lua_code_cache is off; this will hurt performance in /home/itay/work assignment/assignment/server/nginx.conf.compiled:20
2023/07/16 21:14:29 [alert] 32595#32595: lua_code_cache is off; this will hurt performance in /home/itay/work assignment/assignment/server/nginx.conf.compiled:20
2023/07/16 21:19:09 [alert] 467#467: lua_code_cache is off; this will hurt performance in /home/itay/work assignment/assignment/server/nginx.conf.compiled:20
2023/07/16 21:19:31 [alert] 565#565: lua_code_cache is off; this will hurt performance in /home/itay/work assignment/assignment/server/nginx.conf.compiled:20
2023/07/16 21:21:37 [alert] 748#748: lua_code_cache is off; this will hurt performance in /home/itay/work assignment/assignment/server/nginx.conf.compiled:20
2023/07/16 21:24:30 [alert] 908#908: lua_code_cache is off; this will hurt performance in /home/itay/work assignment/assignment/server/nginx.conf.compiled:20
2023/07/16 21:25:04 [alert] 981#981: lua_code_cache is off; this will hurt performance in /home/itay/work assignment/assignment/server/nginx.conf.compiled:20
2023/07/16 21:25:26 [alert] 1072#1072: lua_code_cache is off; this will hurt performance in /home/itay/work assignment/assignment/server/nginx.conf.compiled:20
2023/07/16 21:25:58 [alert] 1148#1148: lua_code_cache is off; this will hurt performance in /home/itay/work assignment/assignment/server/nginx.conf.compiled:20
2023/07/16 21:27:36 [alert] 1212#1212: lua_code_cache is off; this will hurt performance in /home/itay/work assignment/assignment/server/nginx.conf.compiled:20
2023/07/16 21:32:24 [alert] 1783#1783: lua_code_cache is off; this will hurt performance in /home/itay/work assignment/assignment/server/nginx.conf.compiled:20
2023/07/16 21:35:06 [alert] 1987#1987: lua_code_cache is off; this will hurt performance in /home/itay/work assignment/assignment/server/nginx.conf.compiled:20
2023/07/16 21:35:13 [alert] 2123#2123: lua_code_cache is off; this will hurt performance in /home/itay/work assignment/assignment/server/nginx.conf.compiled:20
2023/07/16 21:35:35 [alert] 2199#2199: lua_code_cache is off; this will hurt performance in /home/itay/work assignment/assignment/server/nginx.conf.compiled:20
2023/07/16 21:35:56 [alert] 2260#2260: lua_code_cache is off; this will hurt performance in /home/itay/work assignment/assignment/server/nginx.conf.compiled:20
2023/07/16 21:36:37 [alert] 2354#2354: lua_code_cache is off; this will hurt performance in /home/itay/work assignment/assignment/server/nginx.conf.compiled:20
2023/07/16 21:36:49 [alert] 2415#2415: lua_code_cache is off; this will hurt performance in /home/itay/work assignment/assignment/server/nginx.conf.compiled:20
2023/07/16 21:51:00 [alert] 2759#2759: lua_code_cache is off; this will hurt performance in /home/itay/work assignment/assignment/server/nginx.conf.compiled:20
2023/07/16 21:51:15 [alert] 2829#2829: lua_code_cache is off; this will hurt performance in /home/itay/work assignment/assignment/server/nginx.conf.compiled:20
2023/07/16 21:52:01 [alert] 2905#2905: lua_code_cache is off; this will hurt performance in /home/itay/work assignment/assignment/server/nginx.conf.compiled:20
2023/07/16 21:52:40 [alert] 3064#3064: lua_code_cache is off; this will hurt performance in /home/itay/work assignment/assignment/server/nginx.conf.compiled:20
2023/07/16 22:06:29 [alert] 4447#4447: lua_code_cache is off; this will hurt performance in /home/itay/work assignment/assignment/server/nginx.conf.compiled:20
2023/07/16 22:07:24 [alert] 4586#4586: lua_code_cache is off; this will hurt performance in /home/itay/work assignment/assignment/server/nginx.conf.compiled:20
2023/07/16 22:08:31 [alert] 4682#4682: lua_code_cache is off; this will hurt performance in /home/itay/work assignment/assignment/server/nginx.conf.compiled:20
2023/07/16 22:09:59 [alert] 4848#4848: lua_code_cache is off; this will hurt performance in /home/itay/work assignment/assignment/server/nginx.conf.compiled:20
2023/07/16 22:10:25 [alert] 4927#4927: lua_code_cache is off; this will hurt performance in /home/itay/work assignment/assignment/server/nginx.conf.compiled:20
2023/07/16 22:10:36 [alert] 4985#4985: lua_code_cache is off; this will hurt performance in /home/itay/work assignment/assignment/server/nginx.conf.compiled:20
2023/07/16 22:10:51 [alert] 5061#5061: lua_code_cache is off; this will hurt performance in /home/itay/work assignment/assignment/server/nginx.conf.compiled:20
2023/07/16 22:11:30 [alert] 5137#5137: lua_code_cache is off; this will hurt performance in /home/itay/work assignment/assignment/server/nginx.conf.compiled:20
2023/07/16 22:11:48 [alert] 5210#5210: lua_code_cache is off; this will hurt performance in /home/itay/work assignment/assignment/server/nginx.conf.compiled:20
2023/07/16 22:12:19 [alert] 5292#5292: lua_code_cache is off; this will hurt performance in /home/itay/work assignment/assignment/server/nginx.conf.compiled:20
2023/07/16 22:14:43 [alert] 5410#5410: lua_code_cache is off; this will hurt performance in /home/itay/work assignment/assignment/server/nginx.conf.compiled:20
2023/07/16 22:16:13 [alert] 5474#5474: lua_code_cache is off; this will hurt performance in /home/itay/work assignment/assignment/server/nginx.conf.compiled:20
2023/07/16 22:17:51 [alert] 5532#5532: lua_code_cache is off; this will hurt performance in /home/itay/work assignment/assignment/server/nginx.conf.compiled:20
2023/07/16 22:19:51 [alert] 5698#5698: lua_code_cache is off; this will hurt performance in /home/itay/work assignment/assignment/server/nginx.conf.compiled:20
2023/07/16 22:45:39 [alert] 5872#5872: lua_code_cache is off; this will hurt performance in /home/itay/work assignment/assignment/server/nginx.conf.compiled:20
2023/07/16 22:46:13 [alert] 5945#5945: lua_code_cache is off; this will hurt performance in /home/itay/work assignment/assignment/server/nginx.conf.compiled:20
2023/07/16 22:46:29 [alert] 6006#6006: lua_code_cache is off; this will hurt performance in /home/itay/work assignment/assignment/server/nginx.conf.compiled:20
2023/07/16 22:47:45 [alert] 6145#6145: lua_code_cache is off; this will hurt performance in /home/itay/work assignment/assignment/server/nginx.conf.compiled:20
2023/07/16 22:49:39 [alert] 6371#6371: lua_code_cache is off; this will hurt performance in /home/itay/work assignment/assignment/server/nginx.conf.compiled:20
2023/07/16 22:49:59 [alert] 6462#6462: lua_code_cache is off; this will hurt performance in /home/itay/work assignment/assignment/server/nginx.conf.compiled:20
2023/07/16 22:50:49 [alert] 6595#6595: lua_code_cache is off; this will hurt performance in /home/itay/work assignment/assignment/server/nginx.conf.compiled:20
2023/07/16 22:53:50 [alert] 6851#6851: lua_code_cache is off; this will hurt performance in /home/itay/work assignment/assignment/server/nginx.conf.compiled:20
2023/07/16 22:54:42 [alert] 6930#6930: lua_code_cache is off; this will hurt performance in /home/itay/work assignment/assignment/server/nginx.conf.compiled:20
2023/07/16 23:16:52 [alert] 7210#7210: lua_code_cache is off; this will hurt performance in /home/itay/work assignment/assignment/server/nginx.conf.compiled:20
2023/07/16 23:23:47 [alert] 7391#7391: lua_code_cache is off; this will hurt performance in /home/itay/work assignment/assignment/server/nginx.conf.compiled:20
2023/07/16 23:27:34 [alert] 7566#7566: lua_code_cache is off; this will hurt performance in /home/itay/work assignment/assignment/server/nginx.conf.compiled:20
2023/07/16 23:28:26 [alert] 7672#7672: lua_code_cache is off; this will hurt performance in /home/itay/work assignment/assignment/server/nginx.conf.compiled:20
2023/07/16 23:30:23 [alert] 7853#7853: lua_code_cache is off; this will hurt performance in /home/itay/work assignment/assignment/server/nginx.conf.compiled:20
2023/07/16 23:37:04 [alert] 8256#8256: lua_code_cache is off; this will hurt performance in /home/itay/work assignment/assignment/server/nginx.conf.compiled:20
2023/07/16 23:39:58 [alert] 8335#8335: lua_code_cache is off; this will hurt performance in /home/itay/work assignment/assignment/server/nginx.conf.compiled:20
2023/07/16 23:43:58 [alert] 8672#8672: lua_code_cache is off; this will hurt performance in /home/itay/work assignment/assignment/server/nginx.conf.compiled:20
2023/07/16 23:48:52 [alert] 8760#8760: lua_code_cache is off; this will hurt performance in /home/itay/work assignment/assignment/server/nginx.conf.compiled:20
2023/07/16 23:49:26 [alert] 8851#8851: lua_code_cache is off; this will hurt performance in /home/itay/work assignment/assignment/server/nginx.conf.compiled:20
2023/07/16 23:51:59 [alert] 8993#8993: lua_code_cache is off; this will hurt performance in /home/itay/work assignment/assignment/server/nginx.conf.compiled:20
2023/07/16 23:56:17 [alert] 9168#9168: lua_code_cache is off; this will hurt performance in /home/itay/work assignment/assignment/server/nginx.conf.compiled:20
2023/07/17 00:01:21 [alert] 9504#9504: lua_code_cache is off; this will hurt performance in /home/itay/work assignment/assignment/server/nginx.conf.compiled:20
2023/07/17 00:01:36 [alert] 9604#9604: lua_code_cache is off; this will hurt performance in /home/itay/work assignment/assignment/server/nginx.conf.compiled:20
2023/07/17 00:01:47 [alert] 9675#9675: lua_code_cache is off; this will hurt performance in /home/itay/work assignment/assignment/server/nginx.conf.compiled:20
2023/07/17 00:01:53 [alert] 9734#9734: lua_code_cache is off; this will hurt performance in /home/itay/work assignment/assignment/server/nginx.conf.compiled:20
2023/07/17 00:02:07 [alert] 9810#9810: lua_code_cache is off; this will hurt performance in /home/itay/work assignment/assignment/server/nginx.conf.compiled:20
2023/07/17 00:04:35 [alert] 623#623: lua_code_cache is off; this will hurt performance in /home/itay/work assignment/assignment/server/nginx.conf.compiled:20
2023/07/17 00:04:43 [alert] 700#700: lua_code_cache is off; this will hurt performance in /home/itay/work assignment/assignment/server/nginx.conf.compiled:20
2023/07/17 00:06:28 [alert] 1527#1527: lua_code_cache is off; this will hurt performance in /home/itay/work assignment/assignment/server/nginx.conf.compiled:20
2023/07/17 00:09:20 [alert] 1720#1720: lua_code_cache is off; this will hurt performance in /home/itay/work assignment/assignment/server/nginx.conf.compiled:20
2023/07/17 00:10:07 [alert] 1907#1907: lua_code_cache is off; this will hurt performance in /home/itay/work assignment/assignment/server/nginx.conf.compiled:20
2023/07/17 00:11:44 [alert] 2175#2175: lua_code_cache is off; this will hurt performance in /home/itay/work assignment/assignment/server/nginx.conf.compiled:20
2023/07/17 00:39:07 [alert] 5885#5885: lua_code_cache is off; this will hurt performance in /home/itay/work assignment/assignment/server/nginx.conf.compiled:20
2023/07/17 00:41:32 [alert] 6100#6100: lua_code_cache is off; this will hurt performance in /home/itay/work assignment/assignment/server/nginx.conf.compiled:20
2023/07/17 00:57:27 [alert] 7397#7397: lua_code_cache is off; this will hurt performance in /home/itay/work assignment/assignment/server/nginx.conf.compiled:20
2023/07/17 01:00:43 [alert] 7926#7926: lua_code_cache is off; this will hurt performance in /home/itay/work assignment/assignment/server/nginx.conf.compiled:20
2023/07/17 01:01:23 [alert] 8116#8116: lua_code_cache is off; this will hurt performance in /home/itay/work assignment/assignment/server/nginx.conf.compiled:20
2023/07/17 01:02:03 [alert] 8243#8243: lua_code_cache is off; this will hurt performance in /home/itay/work assignment/assignment/server/nginx.conf.compiled:20
2023/07/17 01:02:38 [alert] 8337#8337: lua_code_cache is off; this will hurt performance in /home/itay/work assignment/assignment/server/nginx.conf.compiled:20
2023/07/17 01:21:53 [alert] 8991#8991: lua_code_cache is off; this will hurt performance in /home/itay/work assignment/assignment/server/nginx.conf.compiled:20
2023/07/17 01:23:35 [alert] 9376#9376: lua_code_cache is off; this will hurt performance in /home/itay/work assignment/assignment/server/nginx.conf.compiled:20
2023/07/17 01:25:23 [alert] 9629#9629: lua_code_cache is off; this will hurt performance in /home/itay/work assignment/assignment/server/nginx.conf.compiled:20
2023/07/17 01:27:03 [alert] 9841#9841: lua_code_cache is off; this will hurt performance in /home/itay/work assignment/assignment/server/nginx.conf.compiled:20
2023/07/17 01:29:27 [alert] 10391#10391: lua_code_cache is off; this will hurt performance in /home/itay/work assignment/assignment/server/nginx.conf.compiled:20
2023/07/17 02:09:00 [alert] 12821#12821: lua_code_cache is off; this will hurt performance in /home/itay/work assignment/assignment/server/nginx.conf.compiled:20
2023/07/17 02:22:33 [alert] 15234#15234: lua_code_cache is off; this will hurt performance in /home/itay/work assignment/assignment/server/nginx.conf.compiled:20
2023/07/17 02:42:26 [alert] 15667#15667: lua_code_cache is off; this will hurt performance in /home/itay/work assignment/assignment/server/nginx.conf.compiled:20
2023/07/17 02:43:04 [alert] 15824#15824: lua_code_cache is off; this will hurt performance in /home/itay/work assignment/assignment/server/nginx.conf.compiled:20
2023/07/17 02:43:31 [alert] 15948#15948: lua_code_cache is off; this will hurt performance in /home/itay/work assignment/assignment/server/nginx.conf.compiled:20
2023/07/17 02:44:29 [alert] 16135#16135: lua_code_cache is off; this will hurt performance in /home/itay/work assignment/assignment/server/nginx.conf.compiled:20
2023/07/17 02:44:52 [alert] 16266#16266: lua_code_cache is off; this will hurt performance in /home/itay/work assignment/assignment/server/nginx.conf.compiled:20
2023/07/17 02:58:15 [alert] 17068#17068: lua_code_cache is off; this will hurt performance in /home/itay/work assignment/assignment/server/nginx.conf.compiled:20
2023/07/17 19:21:10 [alert] 6465#6465: lua_code_cache is off; this will hurt performance in /home/itay/work assignment/assignment/server/nginx.conf.compiled:20
2023/07/17 19:27:39 [alert] 8477#8477: lua_code_cache is off; this will hurt performance in /home/itay/work assignment/assignment/server/nginx.conf.compiled:20
2023/07/17 19:28:39 [alert] 8969#8969: lua_code_cache is off; this will hurt performance in /home/itay/work assignment/assignment/server/nginx.conf.compiled:20
2023/07/17 20:14:41 [alert] 12291#12291: lua_code_cache is off; this will hurt performance in /home/itay/work assignment/assignment/server/nginx.conf.compiled:20
2023/07/17 20:46:46 [alert] 16917#16917: lua_code_cache is off; this will hurt performance in /home/itay/work assignment/assignment/server/nginx.conf.compiled:20
2023/07/17 21:20:13 [alert] 17666#17666: lua_code_cache is off; this will hurt performance in /home/itay/work assignment/assignment/server/nginx.conf.compiled:20
2023/07/17 21:20:35 [alert] 17991#17991: lua_code_cache is off; this will hurt performance in /home/itay/work assignment/assignment/server/nginx.conf.compiled:20
2023/07/17 21:21:17 [alert] 18284#18284: lua_code_cache is off; this will hurt performance in /home/itay/work assignment/assignment/server/nginx.conf.compiled:20
2023/07/17 21:22:50 [alert] 18573#18573: lua_code_cache is off; this will hurt performance in /home/itay/work assignment/assignment/server/nginx.conf.compiled:20
2023/07/17 22:17:27 [alert] 20041#20041: lua_code_cache is off; this will hurt performance in /home/itay/work assignment/assignment/server/nginx.conf.compiled:20
2023/07/17 22:25:31 [alert] 21594#21594: lua_code_cache is off; this will hurt performance in /home/itay/work assignment/assignment/server/nginx.conf.compiled:20
2023/07/17 22:25:43 [alert] 21765#21765: lua_code_cache is off; this will hurt performance in /home/itay/work assignment/assignment/server/nginx.conf.compiled:20
2023/07/17 22:40:29 [alert] 23720#23720: lua_code_cache is off; this will hurt performance in /home/itay/work assignment/assignment/server/nginx.conf.compiled:20
2023/07/17 22:44:02 [alert] 24182#24182: lua_code_cache is off; this will hurt performance in /home/itay/work assignment/assignment/server/nginx.conf.compiled:20
2023/07/17 23:13:25 [alert] 28513#28513: lua_code_cache is off; this will hurt performance in /home/itay/work assignment/assignment/server/nginx.conf.compiled:20
2023/07/17 23:15:26 [alert] 29581#29581: lua_code_cache is off; this will hurt performance in /home/itay/work assignment/assignment/server/nginx.conf.compiled:20
2023/07/17 23:15:30 [alert] 29716#29716: lua_code_cache is off; this will hurt performance in /home/itay/work assignment/assignment/server/nginx.conf.compiled:20
2023/07/17 23:16:44 [alert] 30220#30220: lua_code_cache is off; this will hurt performance in /home/itay/work assignment/assignment/server/nginx.conf.compiled:20
2023/07/17 23:18:06 [alert] 30811#30811: lua_code_cache is off; this will hurt performance in /home/itay/work assignment/assignment/server/nginx.conf.compiled:20
2023/07/17 23:19:12 [alert] 31249#31249: lua_code_cache is off; this will hurt performance in /home/itay/work assignment/assignment/server/nginx.conf.compiled:20
2023/07/17 23:19:45 [alert] 31604#31604: lua_code_cache is off; this will hurt performance in /home/itay/work assignment/assignment/server/nginx.conf.compiled:20
2023/07/18 00:02:44 [alert] 2716#2716: lua_code_cache is off; this will hurt performance in /home/itay/work assignment/assignment/server/nginx.conf.compiled:20
2023/07/18 02:15:13 [alert] 11991#11991: lua_code_cache is off; this will hurt performance in /home/itay/work assignment/assignment/server/nginx.conf.compiled:20
2023/07/18 02:22:11 [alert] 12632#12632: lua_code_cache is off; this will hurt performance in /home/itay/work assignment/assignment/server/nginx.conf.compiled:20
2023/07/18 02:26:58 [alert] 13098#13098: lua_code_cache is off; this will hurt performance in /home/itay/work assignment/assignment/server/nginx.conf.compiled:20
2023/07/18 02:39:13 [alert] 13417#13417: lua_code_cache is off; this will hurt performance in /home/itay/work assignment/assignment/server/nginx.conf.compiled:20
2023/07/18 02:42:29 [alert] 13904#13904: lua_code_cache is off; this will hurt performance in /home/itay/work assignment/assignment/server/nginx.conf.compiled:20
2023/07/18 02:54:42 [alert] 14960#14960: lua_code_cache is off; this will hurt performance in /home/itay/work assignment/assignment/server/nginx.conf.compiled:20
2023/07/18 02:57:24 [alert] 15796#15796: lua_code_cache is off; this will hurt performance in /home/itay/work assignment/assignment/server/nginx.conf.compiled:20
2023/07/18 03:04:26 [alert] 16094#16094: lua_code_cache is off; this will hurt performance in /home/itay/work assignment/assignment/server/nginx.conf.compiled:20
2023/07/18 03:04:48 [alert] 16228#16228: lua_code_cache is off; this will hurt performance in /home/itay/work assignment/assignment/server/nginx.conf.compiled:20
2023/07/18 03:06:01 [alert] 16934#16934: lua_code_cache is off; this will hurt performance in /home/itay/work assignment/assignment/server/nginx.conf.compiled:20
2023/07/18 03:06:06 [alert] 16997#16997: lua_code_cache is off; this will hurt performance in /home/itay/work assignment/assignment/server/nginx.conf.compiled:20
2023/07/18 03:12:18 [alert] 17984#17984: lua_code_cache is off; this will hurt performance in /home/itay/work assignment/assignment/server/nginx.conf.compiled:20
2023/07/18 03:21:19 [alert] 20047#20047: lua_code_cache is off; this will hurt performance in /home/itay/work assignment/assignment/server/nginx.conf.compiled:20
2023/07/18 03:23:47 [alert] 20763#20763: lua_code_cache is off; this will hurt performance in /home/itay/work assignment/assignment/server/nginx.conf.compiled:20
2023/07/18 03:25:18 [alert] 21215#21215: lua_code_cache is off; this will hurt performance in /home/itay/work assignment/assignment/server/nginx.conf.compiled:20
2023/07/18 03:26:40 [alert] 21931#21931: lua_code_cache is off; this will hurt performance in /home/itay/work assignment/assignment/server/nginx.conf.compiled:20
2023/07/18 03:27:09 [alert] 22530#22530: lua_code_cache is off; this will hurt performance in /home/itay/work assignment/assignment/server/nginx.conf.compiled:20
2023/07/18 03:28:19 [alert] 23225#23225: lua_code_cache is off; this will hurt performance in /home/itay/work assignment/assignment/server/nginx.conf.compiled:20
2023/07/18 03:29:31 [alert] 23912#23912: lua_code_cache is off; this will hurt performance in /home/itay/work assignment/assignment/server/nginx.conf.compiled:20
2023/07/18 03:29:38 [alert] 23983#23983: lua_code_cache is off; this will hurt performance in /home/itay/work assignment/assignment/server/nginx.conf.compiled:20
2023/07/18 03:34:57 [alert] 24907#24907: lua_code_cache is off; this will hurt performance in /home/itay/work assignment/assignment/server/nginx.conf.compiled:20
2023/07/18 03:36:10 [alert] 25476#25476: lua_code_cache is off; this will hurt performance in /home/itay/work assignment/assignment/server/nginx.conf.compiled:20
2023/07/18 03:37:53 [alert] 26036#26036: lua_code_cache is off; this will hurt performance in /home/itay/work assignment/assignment/server/nginx.conf.compiled:21
2023/07/18 03:38:32 [alert] 26714#26714: lua_code_cache is off; this will hurt performance in /home/itay/work assignment/assignment/server/nginx.conf.compiled:20
2023/07/18 03:42:07 [alert] 27276#27276: lua_code_cache is off; this will hurt performance in /home/itay/work assignment/assignment/server/nginx.conf.compiled:20
2023/07/18 03:42:46 [alert] 27875#27875: lua_code_cache is off; this will hurt performance in /home/itay/work assignment/assignment/server/nginx.conf.compiled:20
2023/07/18 03:43:18 [alert] 28471#28471: lua_code_cache is off; this will hurt performance in /home/itay/work assignment/assignment/server/nginx.conf.compiled:20
2023/07/18 03:44:51 [alert] 28817#28817: lua_code_cache is off; this will hurt performance in /home/itay/work assignment/assignment/server/nginx.conf.compiled:20
2023/07/18 03:45:23 [alert] 28921#28921: lua_code_cache is off; this will hurt performance in /home/itay/work assignment/assignment/server/nginx.conf.compiled:20
2023/07/18 03:51:51 [alert] 30191#30191: lua_code_cache is off; this will hurt performance in /home/itay/work assignment/assignment/server/nginx.conf.compiled:20
2023/07/18 03:51:51 [emerg] 30191#30191: invalid number of arguments in "add_header" directive in /home/itay/work assignment/assignment/server/nginx.conf.compiled:33
2023/07/18 03:52:09 [alert] 30621#30621: lua_code_cache is off; this will hurt performance in /home/itay/work assignment/assignment/server/nginx.conf.compiled:20
2023/07/18 03:52:09 [emerg] 30621#30621: invalid number of arguments in "add_header" directive in /home/itay/work assignment/assignment/server/nginx.conf.compiled:33
2023/07/18 03:52:28 [alert] 31035#31035: lua_code_cache is off; this will hurt performance in /home/itay/work assignment/assignment/server/nginx.conf.compiled:20
2023/07/18 03:53:50 [alert] 31544#31544: lua_code_cache is off; this will hurt performance in /home/itay/work assignment/assignment/server/nginx.conf.compiled:20
2023/07/18 03:55:12 [alert] 31704#31704: lua_code_cache is off; this will hurt performance in /home/itay/work assignment/assignment/server/nginx.conf.compiled:20
2023/07/18 04:03:39 [alert] 32474#32474: lua_code_cache is off; this will hurt performance in /home/itay/work assignment/assignment/server/nginx.conf.compiled:20
2023/07/18 04:04:39 [alert] 863#863: lua_code_cache is off; this will hurt performance in /home/itay/work assignment/assignment/server/nginx.conf.compiled:20
2023/07/18 04:04:59 [alert] 1149#1149: lua_code_cache is off; this will hurt performance in /home/itay/work assignment/assignment/server/nginx.conf.compiled:20
2023/07/18 04:05:17 [alert] 1467#1467: lua_code_cache is off; this will hurt performance in /home/itay/work assignment/assignment/server/nginx.conf.compiled:20
2023/07/18 04:06:04 [alert] 1772#1772: lua_code_cache is off; this will hurt performance in /home/itay/work assignment/assignment/server/nginx.conf.compiled:20
2023/07/18 04:06:29 [alert] 2059#2059: lua_code_cache is off; this will hurt performance in /home/itay/work assignment/assignment/server/nginx.conf.compiled:20
2023/07/18 04:09:06 [alert] 2508#2508: lua_code_cache is off; this will hurt performance in /home/itay/work assignment/assignment/server/nginx.conf.compiled:20
2023/07/18 04:09:27 [alert] 2774#2774: lua_code_cache is off; this will hurt performance in /home/itay/work assignment/assignment/server/nginx.conf.compiled:20
2023/07/18 04:10:33 [alert] 3267#3267: lua_code_cache is off; this will hurt performance in /home/itay/work assignment/assignment/server/nginx.conf.compiled:20
2023/07/18 12:45:59 [alert] 1166#1166: lua_code_cache is off; this will hurt performance in /home/itay/work assignment/assignment/server/nginx.conf.compiled:20
2023/07/18 12:48:20 [alert] 1779#1779: lua_code_cache is off; this will hurt performance in /home/itay/work assignment/assignment/server/nginx.conf.compiled:20
2023/07/18 12:48:29 [alert] 1876#1876: lua_code_cache is off; this will hurt performance in /home/itay/work assignment/assignment/server/nginx.conf.compiled:20
2023/07/18 12:48:56 [alert] 1970#1970: lua_code_cache is off; this will hurt performance in /home/itay/work assignment/assignment/server/nginx.conf.compiled:20
2023/07/18 12:49:06 [alert] 2067#2067: lua_code_cache is off; this will hurt performance in /home/itay/work assignment/assignment/server/nginx.conf.compiled:20
2023/07/18 12:49:12 [alert] 2138#2138: lua_code_cache is off; this will hurt performance in /home/itay/work assignment/assignment/server/nginx.conf.compiled:20
2023/07/18 12:50:46 [alert] 2549#2549: lua_code_cache is off; this will hurt performance in /home/itay/work assignment/assignment/server/nginx.conf.compiled:20
2023/07/18 12:58:22 [alert] 3283#3283: lua_code_cache is off; this will hurt performance in /home/itay/work assignment/assignment/server/nginx.conf.compiled:39
2023/07/18 13:01:38 [alert] 3488#3488: lua_code_cache is off; this will hurt performance in /home/itay/work assignment/assignment/server/nginx.conf.compiled:43
2023/07/18 13:01:38 [error] 3488#3488: init_by_lua error: init_by_lua:5: unexpected symbol near '#'
2023/07/18 13:01:56 [alert] 3548#3548: lua_code_cache is off; this will hurt performance in /home/itay/work assignment/assignment/server/nginx.conf.compiled:31
2023/07/18 13:01:56 [error] 3548#3548: init_by_lua error: init_by_lua:3: no request object found
stack traceback:
	[C]: in function 'say'
	init_by_lua:3: in main chunk
2023/07/18 13:02:22 [alert] 3608#3608: lua_code_cache is off; this will hurt performance in /home/itay/work assignment/assignment/server/nginx.conf.compiled:43
2023/07/18 13:02:22 [error] 3608#3608: init_by_lua error: init_by_lua:3: unexpected symbol near '#'
2023/07/18 13:02:33 [alert] 3668#3668: lua_code_cache is off; this will hurt performance in /home/itay/work assignment/assignment/server/nginx.conf.compiled:43
2023/07/18 13:05:01 [alert] 3897#3897: lua_code_cache is off; this will hurt performance in /home/itay/work assignment/assignment/server/nginx.conf.compiled:43
2023/07/18 13:05:17 [alert] 4001#4001: lua_code_cache is off; this will hurt performance in /home/itay/work assignment/assignment/server/nginx.conf.compiled:43
2023/07/18 13:06:26 [alert] 4482#4482: lua_code_cache is off; this will hurt performance in /home/itay/work assignment/assignment/server/nginx.conf.compiled:43
2023/07/18 13:08:19 [alert] 4972#4972: lua_code_cache is off; this will hurt performance in /home/itay/work assignment/assignment/server/nginx.conf.compiled:43
2023/07/18 13:11:04 [alert] 5481#5481: lua_code_cache is off; this will hurt performance in /home/itay/work assignment/assignment/server/nginx.conf.compiled:45
2023/07/18 13:15:47 [alert] 5828#5828: lua_code_cache is off; this will hurt performance in /home/itay/work assignment/assignment/server/nginx.conf.compiled:45
2023/07/18 13:16:21 [alert] 6299#6299: lua_code_cache is off; this will hurt performance in /home/itay/work assignment/assignment/server/nginx.conf.compiled:45
2023/07/18 13:16:58 [alert] 6583#6583: lua_code_cache is off; this will hurt performance in /home/itay/work assignment/assignment/server/nginx.conf.compiled:48
2023/07/18 13:18:25 [alert] 7107#7107: lua_code_cache is off; this will hurt performance in /home/itay/work assignment/assignment/server/nginx.conf.compiled:48
2023/07/18 13:20:14 [alert] 8063#8063: lua_code_cache is off; this will hurt performance in /home/itay/work assignment/assignment/server/nginx.conf.compiled:48
2023/07/18 13:21:15 [alert] 8643#8643: lua_code_cache is off; this will hurt performance in /home/itay/work assignment/assignment/server/nginx.conf.compiled:48
2023/07/18 13:30:40 [alert] 10025#10025: lua_code_cache is off; this will hurt performance in /home/itay/work assignment/assignment/server/nginx.conf.compiled:48
2023/07/18 13:32:37 [alert] 10641#10641: lua_code_cache is off; this will hurt performance in /home/itay/work assignment/assignment/server/nginx.conf.compiled:48
2023/07/18 13:33:14 [alert] 11205#11205: lua_code_cache is off; this will hurt performance in /home/itay/work assignment/assignment/server/nginx.conf.compiled:48
2023/07/18 13:33:14 [emerg] 11205#11205: "proxy_pass" cannot have URI part in location given by regular expression, or inside named location, or inside "if" statement, or inside "limit_except" block in /home/itay/work assignment/assignment/server/nginx.conf.compiled:67
2023/07/18 13:36:30 [alert] 11594#11594: lua_code_cache is off; this will hurt performance in /home/itay/work assignment/assignment/server/nginx.conf.compiled:48
2023/07/18 13:36:45 [alert] 11941#11941: lua_code_cache is off; this will hurt performance in /home/itay/work assignment/assignment/server/nginx.conf.compiled:48
2023/07/18 13:37:29 [alert] 12345#12345: lua_code_cache is off; this will hurt performance in /home/itay/work assignment/assignment/server/nginx.conf.compiled:48
2023/07/18 13:38:42 [alert] 12672#12672: lua_code_cache is off; this will hurt performance in /home/itay/work assignment/assignment/server/nginx.conf.compiled:48
2023/07/18 13:39:29 [alert] 12830#12830: lua_code_cache is off; this will hurt performance in /home/itay/work assignment/assignment/server/nginx.conf.compiled:48
2023/07/18 13:39:37 [alert] 12983#12983: lua_code_cache is off; this will hurt performance in /home/itay/work assignment/assignment/server/nginx.conf.compiled:48
2023/07/18 13:42:21 [alert] 899#899: lua_code_cache is off; this will hurt performance in /home/itay/work assignment/assignment/server/nginx.conf.compiled:48
2023/07/18 13:42:50 [alert] 1032#1032: lua_code_cache is off; this will hurt performance in /home/itay/work assignment/assignment/server/nginx.conf.compiled:21
2023/07/18 13:43:36 [alert] 1244#1244: lua_code_cache is off; this will hurt performance in /home/itay/work assignment/assignment/server/nginx.conf.compiled:21
2023/07/18 13:53:29 [alert] 2626#2626: lua_code_cache is off; this will hurt performance in /home/itay/work assignment/assignment/server/nginx.conf.compiled:21
2023/07/18 13:55:08 [alert] 3156#3156: lua_code_cache is off; this will hurt performance in /home/itay/work assignment/assignment/server/nginx.conf.compiled:21
2023/07/18 13:57:41 [alert] 3639#3639: lua_code_cache is off; this will hurt performance in /home/itay/work assignment/assignment/server/nginx.conf.compiled:21
2023/07/18 13:58:02 [alert] 3953#3953: lua_code_cache is off; this will hurt performance in /home/itay/work assignment/assignment/server/nginx.conf.compiled:21
2023/07/18 14:01:50 [alert] 4710#4710: lua_code_cache is off; this will hurt performance in /home/itay/work assignment/assignment/server/nginx.conf.compiled:21
2023/07/18 14:53:17 [alert] 20579#20579: lua_code_cache is off; this will hurt performance in /home/itay/work assignment/assignment/server/nginx.conf.compiled:21
2023/07/18 15:44:13 [alert] 28376#28376: lua_code_cache is off; this will hurt performance in /home/itay/work assignment/assignment/server/nginx.conf.compiled:21
2023/07/18 16:02:19 [alert] 31598#31598: lua_code_cache is off; this will hurt performance in /home/itay/work assignment/assignment/server/nginx.conf.compiled:21
2023/07/18 16:04:56 [alert] 32247#32247: lua_code_cache is off; this will hurt performance in /home/itay/work assignment/assignment/server/nginx.conf.compiled:22
2023/07/18 16:05:43 [alert] 320#320: lua_code_cache is off; this will hurt performance in /home/itay/work assignment/assignment/server/nginx.conf.compiled:22
2023/07/18 16:05:43 [error] 320#320: init_by_lua error: init_by_lua:3: unexpected symbol near '#'
2023/07/18 16:06:15 [alert] 800#800: lua_code_cache is off; this will hurt performance in /home/itay/work assignment/assignment/server/nginx.conf.compiled:22
2023/07/18 16:06:15 [error] 800#800: init_by_lua error: init_by_lua:3: unexpected symbol near '#'
2023/07/18 16:07:59 [alert] 1081#1081: lua_code_cache is off; this will hurt performance in /home/itay/work assignment/assignment/server/nginx.conf.compiled:22
2023/07/18 16:07:59 [error] 1081#1081: init_by_lua error: init_by_lua:3: unexpected symbol near '#'
2023/07/18 16:09:09 [alert] 570#570: lua_code_cache is off; this will hurt performance in /home/itay/work assignment/assignment/server/nginx.conf.compiled:22
2023/07/18 16:09:09 [error] 570#570: init_by_lua error: init_by_lua:3: unexpected symbol near '#'
2023/07/18 16:11:52 [alert] 799#799: lua_code_cache is off; this will hurt performance in /home/itay/work assignment/assignment/server/nginx.conf.compiled:22
2023/07/18 16:12:03 [alert] 1035#1035: lua_code_cache is off; this will hurt performance in /home/itay/work assignment/assignment/server/nginx.conf.compiled:22
2023/07/18 16:13:18 [alert] 1605#1605: lua_code_cache is off; this will hurt performance in /home/itay/work assignment/assignment/server/nginx.conf.compiled:22
2023/07/18 16:15:00 [alert] 1877#1877: lua_code_cache is off; this will hurt performance in /home/itay/work assignment/assignment/server/nginx.conf.compiled:22
2023/07/18 16:16:58 [alert] 883#883: lua_code_cache is off; this will hurt performance in /home/itay/work assignment/assignment/server/nginx.conf.compiled:22
2023/07/18 16:17:26 [alert] 1043#1043: lua_code_cache is off; this will hurt performance in /home/itay/work assignment/assignment/server/nginx.conf.compiled:22
2023/07/18 16:17:26 [error] 1043#1043: init_by_lua error: init_by_lua:3: unexpected symbol near '#'
2023/07/18 16:17:34 [alert] 1100#1100: lua_code_cache is off; this will hurt performance in /home/itay/work assignment/assignment/server/nginx.conf.compiled:22
2023/07/18 16:17:34 [error] 1100#1100: init_by_lua error: init_by_lua:3: unexpected symbol near '#'
2023/07/18 16:17:47 [alert] 1163#1163: lua_code_cache is off; this will hurt performance in /home/itay/work assignment/assignment/server/nginx.conf.compiled:22
2023/07/18 16:17:56 [alert] 1246#1246: lua_code_cache is off; this will hurt performance in /home/itay/work assignment/assignment/server/nginx.conf.compiled:22
2023/07/18 16:34:07 [alert] 4532#4532: lua_code_cache is off; this will hurt performance in /home/itay/work assignment/assignment/server/nginx.conf.compiled:22
2023/07/18 16:52:15 [alert] 9184#9184: lua_code_cache is off; this will hurt performance in /home/itay/work assignment/assignment/server/nginx.conf.compiled:22
2023/07/18 17:26:44 [alert] 9714#9714: lua_code_cache is off; this will hurt performance in /home/itay/work assignment/assignment/server/nginx.conf.compiled:22
2023/07/18 17:32:41 [alert] 11559#11559: lua_code_cache is off; this will hurt performance in /home/itay/work assignment/assignment/server/nginx.conf.compiled:22
2023/07/18 17:41:08 [alert] 13196#13196: lua_code_cache is off; this will hurt performance in /home/itay/work assignment/assignment/server/nginx.conf.compiled:22
2023/07/18 17:51:17 [alert] 15571#15571: lua_code_cache is off; this will hurt performance in /home/itay/work assignment/assignment/server/nginx.conf.compiled:22
2023/07/18 18:37:28 [alert] 627#627: lua_code_cache is off; this will hurt performance in /home/itay/work assignment/assignment/server/nginx.conf.compiled:22
2023/07/18 18:43:16 [alert] 1861#1861: lua_code_cache is off; this will hurt performance in /home/itay/work assignment/assignment/server/nginx.conf.compiled:22
2023/07/18 19:15:51 [alert] 8463#8463: lua_code_cache is off; this will hurt performance in /home/itay/work assignment/assignment/server/nginx.conf.compiled:22
2023/07/18 19:50:51 [alert] 19703#19703: lua_code_cache is off; this will hurt performance in /home/itay/work assignment/assignment/server/nginx.conf.compiled:22
2023/07/18 19:52:41 [alert] 20671#20671: lua_code_cache is off; this will hurt performance in /home/itay/work assignment/assignment/server/nginx.conf.compiled:22
2023/07/18 19:55:35 [alert] 21611#21611: lua_code_cache is off; this will hurt performance in /home/itay/work assignment/assignment/server/nginx.conf.compiled:22
2023/07/18 19:56:20 [alert] 22425#22425: lua_code_cache is off; this will hurt performance in /home/itay/work assignment/assignment/server/nginx.conf.compiled:22
2023/07/18 19:57:18 [alert] 23233#23233: lua_code_cache is off; this will hurt performance in /home/itay/work assignment/assignment/server/nginx.conf.compiled:22
2023/07/18 20:08:00 [alert] 29286#29286: lua_code_cache is off; this will hurt performance in /home/itay/work assignment/assignment/server/nginx.conf.compiled:22
2023/07/18 20:09:44 [alert] 29981#29981: lua_code_cache is off; this will hurt performance in /home/itay/work assignment/assignment/server/nginx.conf.compiled:22
2023/07/18 20:14:40 [alert] 32236#32236: lua_code_cache is off; this will hurt performance in /home/itay/work assignment/assignment/server/nginx.conf.compiled:22
2023/07/18 20:23:21 [alert] 4004#4004: lua_code_cache is off; this will hurt performance in /home/itay/work assignment/assignment/server/nginx.conf.compiled:22
2023/07/18 21:15:07 [alert] 19680#19680: lua_code_cache is off; this will hurt performance in /home/itay/work assignment/assignment/server/nginx.conf.compiled:22
2023/07/18 21:22:33 [alert] 22922#22922: lua_code_cache is off; this will hurt performance in /home/itay/work assignment/assignment/server/nginx.conf.compiled:22
2023/07/18 21:26:27 [alert] 25425#25425: lua_code_cache is off; this will hurt performance in /home/itay/work assignment/assignment/server/nginx.conf.compiled:22
2023/07/18 21:36:37 [alert] 30173#30173: lua_code_cache is off; this will hurt performance in /home/itay/work assignment/assignment/server/nginx.conf.compiled:22
2023/07/18 21:58:45 [alert] 4880#4880: lua_code_cache is off; this will hurt performance in /home/itay/work assignment/assignment/server/nginx.conf.compiled:22
2023/07/18 22:14:33 [alert] 6309#6309: lua_code_cache is off; this will hurt performance in /home/itay/work assignment/assignment/server/nginx.conf.compiled:22
2023/07/18 22:57:47 [alert] 13344#13344: lua_code_cache is off; this will hurt performance in /home/itay/work assignment/assignment/server/nginx.conf.compiled:22
2023/07/19 00:05:40 [alert] 20053#20053: lua_code_cache is off; this will hurt performance in /home/itay/work assignment/assignment/server/nginx.conf.compiled:22
2023/07/19 01:19:12 [alert] 30503#30503: lua_code_cache is off; this will hurt performance in /home/itay/work assignment/assignment/server/nginx.conf.compiled:22
2023/07/19 01:19:12 [error] 30503#30503: init_by_lua error: ./dbController.lua:2: module 'uuid' not found:
	no field package.preload['uuid']
	no file '/usr/local/openresty/site/lualib/uuid.ljbc'
	no file '/usr/local/openresty/site/lualib/uuid/init.ljbc'
	no file '/usr/local/openresty/lualib/uuid.ljbc'
	no file '/usr/local/openresty/lualib/uuid/init.ljbc'
	no file '/usr/local/openresty/site/lualib/uuid.lua'
	no file '/usr/local/openresty/site/lualib/uuid/init.lua'
	no file '/usr/local/openresty/lualib/uuid.lua'
	no file '/usr/local/openresty/lualib/uuid/init.lua'
	no file './uuid.lua'
	no file '/usr/local/openresty/luajit/share/luajit-2.1.0-beta3/uuid.lua'
	no file '/usr/local/share/lua/5.1/uuid.lua'
	no file '/usr/local/share/lua/5.1/uuid/init.lua'
	no file '/usr/local/openresty/luajit/share/lua/5.1/uuid.lua'
	no file '/usr/local/openresty/luajit/share/lua/5.1/uuid/init.lua'
	no file '/usr/local/openresty/site/lualib/uuid.so'
	no file '/usr/local/openresty/lualib/uuid.so'
	no file './uuid.so'
	no file '/usr/local/lib/lua/5.1/uuid.so'
	no file '/usr/local/openresty/luajit/lib/lua/5.1/uuid.so'
	no file '/usr/local/lib/lua/5.1/loadall.so'
stack traceback:
	[C]: in function 'require'
	./dbController.lua:2: in main chunk
	[C]: in function 'require'
	init_by_lua:3: in main chunk
2023/07/19 01:20:09 [alert] 30997#30997: lua_code_cache is off; this will hurt performance in /home/itay/work assignment/assignment/server/nginx.conf.compiled:22
2023/07/19 01:22:17 [alert] 911#911: lua_code_cache is off; this will hurt performance in /home/itay/work assignment/assignment/server/nginx.conf.compiled:22
2023/07/19 01:23:02 [alert] 1476#1476: lua_code_cache is off; this will hurt performance in /home/itay/work assignment/assignment/server/nginx.conf.compiled:22
2023/07/19 01:23:25 [alert] 1606#1606: lua_code_cache is off; this will hurt performance in /home/itay/work assignment/assignment/server/nginx.conf.compiled:22
2023/07/19 01:23:29 [alert] 1677#1677: lua_code_cache is off; this will hurt performance in /home/itay/work assignment/assignment/server/nginx.conf.compiled:22
2023/07/19 01:56:37 [alert] 7123#7123: lua_code_cache is off; this will hurt performance in /home/itay/work assignment/assignment/server/nginx.conf.compiled:22
2023/07/19 02:09:42 [alert] 11704#11704: lua_code_cache is off; this will hurt performance in /home/itay/work assignment/assignment/server/nginx.conf.compiled:22
2023/07/19 02:12:57 [alert] 12433#12433: lua_code_cache is off; this will hurt performance in /home/itay/work assignment/assignment/server/nginx.conf.compiled:22
2023/07/19 02:16:37 [alert] 14245#14245: lua_code_cache is off; this will hurt performance in /home/itay/work assignment/assignment/server/nginx.conf.compiled:22
2023/07/19 02:31:33 [alert] 20185#20185: lua_code_cache is off; this will hurt performance in /home/itay/work assignment/assignment/server/nginx.conf.compiled:22
2023/07/19 02:31:46 [alert] 20516#20516: lua_code_cache is off; this will hurt performance in /home/itay/work assignment/assignment/server/nginx.conf.compiled:22
2023/07/19 02:33:33 [alert] 21694#21694: lua_code_cache is off; this will hurt performance in /home/itay/work assignment/assignment/server/nginx.conf.compiled:22
2023/07/19 02:54:50 [alert] 28659#28659: lua_code_cache is off; this will hurt performance in /home/itay/work assignment/assignment/server/nginx.conf.compiled:22
2023/07/19 03:03:24 [alert] 1449#1449: lua_code_cache is off; this will hurt performance in /home/itay/work assignment/assignment/server/nginx.conf.compiled:22
2023/07/19 11:11:23 [alert] 920#920: lua_code_cache is off; this will hurt performance in /home/itay/work assignment/assignment/server/nginx.conf.compiled:22
2023/07/19 12:04:06 [alert] 13879#13879: lua_code_cache is off; this will hurt performance in /home/itay/work assignment/assignment/server/nginx.conf.compiled:22
2023/07/19 14:01:41 [alert] 31740#31740: lua_code_cache is off; this will hurt performance in /home/itay/work assignment/assignment/server/nginx.conf.compiled:22
2023/07/19 14:39:14 [alert] 10999#10999: lua_code_cache is off; this will hurt performance in /home/itay/work assignment/assignment/server/nginx.conf.compiled:22
2023/07/19 15:01:15 [alert] 21094#21094: lua_code_cache is off; this will hurt performance in /home/itay/work assignment/assignment/server/nginx.conf.compiled:22
2023/07/19 15:16:13 [alert] 26921#26921: lua_code_cache is off; this will hurt performance in /home/itay/work assignment/assignment/server/nginx.conf.compiled:22
2023/07/19 15:50:51 [alert] 28333#28333: lua_code_cache is off; this will hurt performance in /home/itay/work assignment/assignment/server/nginx.conf.compiled:22
2023/07/19 16:13:29 [alert] 32153#32153: lua_code_cache is off; this will hurt performance in /home/itay/work assignment/assignment/server/nginx.conf.compiled:22
2023/07/19 16:15:46 [alert] 552#552: lua_code_cache is off; this will hurt performance in /home/itay/work assignment/assignment/server/nginx.conf.compiled:22
